<?xml version="1.0" encoding="UTF-8"?>
<!-- Generated by org.testng.reporters.JUnitXMLReporter -->
<testsuite ignored="0" hostname="DESKTOP-RPNA3SJ" failures="3" tests="5" name="Test" time="83.963" errors="0" timestamp="2025-04-24T00:00:12 IST">
  <testcase classname="testCases.TC_003_LoginDDT" name="verify_loginDDT" time="24.64">
    <failure type="java.lang.AssertionError" message="expected [true] but found [false]">
      <![CDATA[java.lang.AssertionError: expected [true] but found [false]
at testCases.TC_003_LoginDDT.verify_loginDDT(TC_003_LoginDDT.java:52)
at java.base/java.util.ArrayList.forEach(ArrayList.java:1597)
... Removed 29 stack frames]]>
    </failure>
  </testcase> <!-- verify_loginDDT -->
  <testcase classname="testCases.TC_003_LoginDDT" name="verify_loginDDT" time="4.189">
    <failure type="java.lang.AssertionError" message="expected [true] but found [false]">
      <![CDATA[java.lang.AssertionError: expected [true] but found [false]
at testCases.TC_003_LoginDDT.verify_loginDDT(TC_003_LoginDDT.java:61)
at java.base/java.util.ArrayList.forEach(ArrayList.java:1597)
... Removed 29 stack frames]]>
    </failure>
  </testcase> <!-- verify_loginDDT -->
  <testcase classname="testCases.TC_003_LoginDDT" name="verify_loginDDT" time="3.502">
    <failure type="java.lang.AssertionError" message="expected [true] but found [false]">
      <![CDATA[java.lang.AssertionError: expected [true] but found [false]
at testCases.TC_003_LoginDDT.verify_loginDDT(TC_003_LoginDDT.java:61)
at java.base/java.util.ArrayList.forEach(ArrayList.java:1597)
... Removed 29 stack frames]]>
    </failure>
  </testcase> <!-- verify_loginDDT -->
  <testcase classname="testCases.TC_003_LoginDDT" name="verify_loginDDT" time="12.25"/>
  <testcase classname="testCases.TC_003_LoginDDT" name="verify_loginDDT" time="3.891"/>
</testsuite> <!-- Test -->
